<?xml version="1.0" encoding="UTF-8"?>
<testng-results skipped="0" failed="0" ignored="0" total="1" passed="1">
  <reporter-output>
  </reporter-output>
  <suite name="SampleFileDownload" duration-ms="14522" started-at="2020-07-26T19:34:21 IST" finished-at="2020-07-26T19:34:36 IST">
    <groups>
    </groups>
    <test name="DownloadFileCustomizeLocation" duration-ms="14522" started-at="2020-07-26T19:34:21 IST" finished-at="2020-07-26T19:34:36 IST">
      <class name="testcase.DownloadFileTest">
        <test-method status="PASS" signature="baseSetup()[pri:0, instance:testcase.DownloadFileTest@6fd02e5]" name="baseSetup" is-config="true" duration-ms="6190" started-at="2020-07-26T19:34:21 IST" finished-at="2020-07-26T19:34:27 IST">
          <reporter-output>
          </reporter-output>
        </test-method> <!-- baseSetup -->
        <test-method status="PASS" signature="initObject()[pri:0, instance:testcase.DownloadFileTest@6fd02e5]" name="initObject" is-config="true" duration-ms="19" started-at="2020-07-26T19:34:27 IST" finished-at="2020-07-26T19:34:27 IST">
          <reporter-output>
          </reporter-output>
        </test-method> <!-- initObject -->
        <test-method status="PASS" signature="downloadFile()[pri:1, instance:testcase.DownloadFileTest@6fd02e5]" name="downloadFile" duration-ms="7575" started-at="2020-07-26T19:34:27 IST" finished-at="2020-07-26T19:34:35 IST">
          <reporter-output>
          </reporter-output>
        </test-method> <!-- downloadFile -->
        <test-method status="PASS" signature="endTest()[pri:0, instance:testcase.DownloadFileTest@6fd02e5]" name="endTest" is-config="true" duration-ms="709" started-at="2020-07-26T19:34:35 IST" finished-at="2020-07-26T19:34:36 IST">
          <reporter-output>
          </reporter-output>
        </test-method> <!-- endTest -->
      </class> <!-- testcase.DownloadFileTest -->
    </test> <!-- DownloadFileCustomizeLocation -->
  </suite> <!-- SampleFileDownload -->
</testng-results>
